Arguments: 
  /usr/local/Cellar/node/9.9.0/bin/node /usr/local/bin/yarn add jsdom

PATH: 
  /usr/local/bin:/usr/bin:/bin:/usr/sbin:/sbin

Yarn version: 
  1.3.2

Node version: 
  9.9.0

Platform: 
  darwin x64

npm manifest: 
  {
    "name": "kodi-jaxcore-plugin",
    "version": "0.0.0",
    "description": "",
    "author": "Jaxcore",
    "dependencies": {
      "jaxcore-spin": "^0.0.1"
    },
    "devDependencies": {},
    "scripts": {},
    "license": "MIT"
  }

yarn manifest: 
  No manifest

Lockfile: 
  No lockfile

Trace: 
  Error: https://registry.yarnpkg.com/jaxcore-spin: Not found
      at Request.params.callback [as _callback] (/usr/local/lib/node_modules/yarn/lib/cli.js:62098:18)
      at Request.self.callback (/usr/local/lib/node_modules/yarn/lib/cli.js:123085:22)
      at Request.emit (events.js:180:13)
      at Request.<anonymous> (/usr/local/lib/node_modules/yarn/lib/cli.js:124068:10)
      at Request.emit (events.js:180:13)
      at IncomingMessage.<anonymous> (/usr/local/lib/node_modules/yarn/lib/cli.js:123988:12)
      at Object.onceWrapper (events.js:272:13)
      at IncomingMessage.emit (events.js:185:15)
      at endReadableNT (_stream_readable.js:1101:12)
      at process._tickCallback (internal/process/next_tick.js:114:19)
